<?xml version="1.0" encoding="UTF-8"?>
<!-- Generated by org.testng.reporters.JUnitXMLReporter -->
<testsuite ignored="0" hostname="LAPTOP-CJ1P4A3I" failures="1" tests="5" name="Test" time="176.622" errors="0" timestamp="2021-12-23T15:46:19 IST">
  <testcase classname="avpapplication123.TC_HOME_0011" name="demo" time="46.953"/>
  <testcase classname="avpapplication123.TC_HOME_007" name="demo" time="61.369">
    <failure type="org.openqa.selenium.InvalidElementStateException" message="Swipe action cannot be performed (WARNING: The server did not provide any stacktrace information)
Command duration or timeout: 5.08 seconds
Build info: version: &amp;apos;2.53.1&amp;apos;, revision: &amp;apos;a36b8b1cd5757287168e54b817830adce9b0158d&amp;apos;, time: &amp;apos;2016-06-30 19:26:09&amp;apos;
System info: host: &amp;apos;LAPTOP-CJ1P4A3I&amp;apos;, ip: &amp;apos;192.168.25.138&amp;apos;, os.name: &amp;apos;Windows 10&amp;apos;, os.arch: &amp;apos;amd64&amp;apos;, os.version: &amp;apos;10.0&amp;apos;, java.version: &amp;apos;15.0.1&amp;apos;
Driver info: io.appium.java_client.android.AndroidDriver
Capabilities [{appPackage=com.winit.starnews.hin, statBarHeight=135, noReset=true, viewportRect={top=135, left=0, width=1080, height=1842}, deviceName=emulator-5554, platform=LINUX, deviceUDID=emulator-5554, desired={appPackage=com.winit.starnews.hin, appActivity=.activities.ActivityChannelSelectionList, noReset=true, automationName=appium, platformName=Android}, platformVersion=9, webStorageEnabled=false, automationName=appium, takesScreenshot=true, javascriptEnabled=true, platformName=Android, deviceApiLevel=28, deviceManufacturer=Google, deviceScreenSize=1080x2280, networkConnectionEnabled=true, warnings={}, databaseEnabled=false, appActivity=.activities.ActivityChannelSelectionList, pixelRatio=2.75, locationContextEnabled=false, deviceScreenDensity=440, deviceModel=AOSP on IA Emulator}]
Session ID: 2709cdc2-0fbc-45d4-876d-1d60d48c3e56">
      <![CDATA[org.openqa.selenium.InvalidElementStateException: Swipe action cannot be performed (WARNING: The server did not provide any stacktrace information)
Command duration or timeout: 5.08 seconds
Build info: version: '2.53.1', revision: 'a36b8b1cd5757287168e54b817830adce9b0158d', time: '2016-06-30 19:26:09'
System info: host: 'LAPTOP-CJ1P4A3I', ip: '192.168.25.138', os.name: 'Windows 10', os.arch: 'amd64', os.version: '10.0', java.version: '15.0.1'
Driver info: io.appium.java_client.android.AndroidDriver
Capabilities [{appPackage=com.winit.starnews.hin, statBarHeight=135, noReset=true, viewportRect={top=135, left=0, width=1080, height=1842}, deviceName=emulator-5554, platform=LINUX, deviceUDID=emulator-5554, desired={appPackage=com.winit.starnews.hin, appActivity=.activities.ActivityChannelSelectionList, noReset=true, automationName=appium, platformName=Android}, platformVersion=9, webStorageEnabled=false, automationName=appium, takesScreenshot=true, javascriptEnabled=true, platformName=Android, deviceApiLevel=28, deviceManufacturer=Google, deviceScreenSize=1080x2280, networkConnectionEnabled=true, warnings={}, databaseEnabled=false, appActivity=.activities.ActivityChannelSelectionList, pixelRatio=2.75, locationContextEnabled=false, deviceScreenDensity=440, deviceModel=AOSP on IA Emulator}]
Session ID: 2709cdc2-0fbc-45d4-876d-1d60d48c3e56
at org.openqa.selenium.remote.ErrorHandler.createThrowable(ErrorHandler.java:206)
at org.openqa.selenium.remote.ErrorHandler.throwIfResponseFailed(ErrorHandler.java:158)
at org.openqa.selenium.remote.RemoteWebDriver.execute(RemoteWebDriver.java:678)
at io.appium.java_client.DefaultGenericMobileDriver.execute(DefaultGenericMobileDriver.java:40)
at io.appium.java_client.AppiumDriver.execute(AppiumDriver.java:1)
at io.appium.java_client.android.AndroidDriver.execute(AndroidDriver.java:1)
at io.appium.java_client.AppiumDriver.performTouchAction(AppiumDriver.java:336)
at io.appium.java_client.TouchAction.perform(TouchAction.java:323)
at io.appium.java_client.AppiumDriver.doSwipe(AppiumDriver.java:383)
at io.appium.java_client.android.AndroidDriver.swipe(AndroidDriver.java:186)
at avpapplication123.TC_HOME_007.demo(TC_HOME_007.java:40)
at java.base/java.util.ArrayList.forEach(ArrayList.java:1511)
... Removed 32 stack frames]]>
    </failure>
  </testcase> <!-- demo -->
  <testcase classname="avpapplication123.TC_HOME_001" name="demo" time="15.772"/>
  <testcase classname="avpapplication123.TC_HOME_012" name="demo" time="39.122"/>
  <testcase classname="avpapplication123.TC_HOME_003" name="demo" time="13.373"/>
</testsuite> <!-- Test -->
